I
I
< 1 40
C 3 -2361183241198704263168.00000000000000000000
S 4
< 5 71
- 6
+ 3 7
C 8 -1180591620599352131584.00000000000000000000
S 9
< 10 70
- 11
+ 8 12
C 13 -590295810299676065792.00000000000000000000
S 14
< 15 69
- 16
+ 13 17
C 18 -295147905149838032896.00000000000000000000
S 19
< 20 68
- 21
+ 18 22
C 23 -147573952574919016448.00000000000000000000
S 24
< 25 67
- 26
+ 23 27
C 28 -73786976287459508224.00000000000000000000
S 29
< 30 66
- 31
+ 28 32
C 33 -36893488143729754112.00000000000000000000
S 34
< 35 65
- 36
+ 33 37
C 38 -18446744071864877056.00000000000000000000
S 39
< 40 64
- 41
+ 38 42
C 43 -9223372035932438528.00000000000000000000
S 44
< 45 63
- 46
+ 43 47
C 48 -4611686017966219264.00000000000000000000
S 49
< 50 62
- 51
+ 48 52
C 53 -2305843008983109632.00000000000000000000
S 54
< 55 61
- 56
+ 53 57
C 58 -1152921504491554816.00000000000000000000
S 59
< 60 60
- 61
+ 58 62
C 63 -576460752245777408.00000000000000000000
S 64
< 65 59
- 66
+ 63 67
C 68 -288230376122888704.00000000000000000000
S 69
< 70 58
- 71
+ 68 72
C 73 -144115188061444352.00000000000000000000
S 74
< 75 57
- 76
+ 73 77
C 78 -72057594030722176.00000000000000000000
S 79
< 80 56
- 81
+ 78 82
C 83 -36028797015361088.00000000000000000000
S 84
< 85 55
- 86
+ 83 87
C 88 -18014398507680544.00000000000000000000
S 89
< 90 54
- 91
+ 88 92
C 93 -9007199253840272.00000000000000000000
S 94
< 95 53
- 96
+ 93 97
C 98 -4503599626920136.00000000000000000000
S 99
< 100 52
- 101
+ 98 102
C 103 -2251799813460068.00000000000000000000
S 104
< 105 51
- 106
+ 103 107
C 108 -1125899906730034.00000000000000000000
S 109
< 110 50
- 111
+ 108 112
C 113 -562949953365017.00000000000000000000
S 114
< 115 49
- 116
+ 113 117
C 118 -281474976682508.50000000000000000000
S 119
< 120 48
- 121
+ 118 122
C 123 -140737488341254.25000000000000000000
S 124
< 125 47
- 126
+ 123 127
C 128 -70368744170627.12500000000000000000
S 129
< 130 46
- 131
+ 128 132
C 133 -35184372085313.56250000000000000000
S 134
< 135 45
- 136
+ 133 137
C 138 -17592186042656.78125000000000000000
S 139
< 140 44
- 141
+ 138 142
C 143 -8796093021328.39062500000000000000
S 144
< 145 43
- 146
+ 143 147
C 148 -4398046510664.19531250000000000000
S 149
< 150 42
- 151
+ 148 152
C 153 -2199023255332.09765625000000000000
S 154
< 155 41
- 156
+ 153 157
> 158 40
< 2 40
C 160 -2361183241198704263168.00000000000000000000
S 161
< 162 71
- 163
+ 160 164
C 165 -1180591620599352131584.00000000000000000000
S 166
< 167 70
- 168
+ 165 169
C 170 -590295810299676065792.00000000000000000000
S 171
< 172 69
- 173
+ 170 174
C 175 -295147905149838032896.00000000000000000000
S 176
< 177 68
- 178
+ 175 179
C 180 -147573952574919016448.00000000000000000000
S 181
< 182 67
- 183
+ 180 184
C 185 -73786976287459508224.00000000000000000000
S 186
< 187 66
- 188
+ 185 189
C 190 -36893488143729754112.00000000000000000000
S 191
< 192 65
- 193
+ 190 194
C 195 -18446744071864877056.00000000000000000000
S 196
< 197 64
- 198
+ 195 199
C 200 -9223372035932438528.00000000000000000000
S 201
< 202 63
- 203
+ 200 204
C 205 -4611686017966219264.00000000000000000000
S 206
< 207 62
- 208
+ 205 209
C 210 -2305843008983109632.00000000000000000000
S 211
< 212 61
- 213
+ 210 214
C 215 -1152921504491554816.00000000000000000000
S 216
< 217 60
- 218
+ 215 219
C 220 -576460752245777408.00000000000000000000
S 221
< 222 59
- 223
+ 220 224
C 225 -288230376122888704.00000000000000000000
S 226
< 227 58
- 228
+ 225 229
C 230 -144115188061444352.00000000000000000000
S 231
< 232 57
- 233
+ 230 234
C 235 -72057594030722176.00000000000000000000
S 236
< 237 56
- 238
+ 235 239
C 240 -36028797015361088.00000000000000000000
S 241
< 242 55
- 243
+ 240 244
C 245 -18014398507680544.00000000000000000000
S 246
< 247 54
- 248
+ 245 249
C 250 -9007199253840272.00000000000000000000
S 251
< 252 53
- 253
+ 250 254
C 255 -4503599626920136.00000000000000000000
S 256
< 257 52
- 258
+ 255 259
C 260 -2251799813460068.00000000000000000000
S 261
< 262 51
- 263
+ 260 264
C 265 -1125899906730034.00000000000000000000
S 266
< 267 50
- 268
+ 265 269
C 270 -562949953365017.00000000000000000000
S 271
< 272 49
- 273
+ 270 274
C 275 -281474976682508.50000000000000000000
S 276
< 277 48
- 278
+ 275 279
C 280 -140737488341254.25000000000000000000
S 281
< 282 47
- 283
+ 280 284
C 285 -70368744170627.12500000000000000000
S 286
< 287 46
- 288
+ 285 289
C 290 -35184372085313.56250000000000000000
S 291
< 292 45
- 293
+ 290 294
C 295 -17592186042656.78125000000000000000
S 296
< 297 44
- 298
+ 295 299
C 300 -8796093021328.39062500000000000000
S 301
< 302 43
- 303
+ 300 304
C 305 -4398046510664.19531250000000000000
S 306
< 307 42
- 308
+ 305 309
C 310 -2199023255332.09765625000000000000
S 311
< 312 41
- 313
+ 310 314
> 315 40
+ 159 316
C 317 -1.5
< 318 100
S 319
+ 320 320
- 321
+ 317 322
+ 155 312
C 324 -1.5
< 325 100
S 326
+ 327 327
- 328
+ 324 329
< 330 1
+ 331 323
+ 150 307
C 333 -1.5
< 334 100
S 335
+ 336 336
- 337
+ 333 338
< 339 2
+ 340 332
+ 145 302
C 342 -1.5
< 343 100
S 344
+ 345 345
- 346
+ 342 347
< 348 3
+ 349 341
+ 140 297
C 351 -1.5
< 352 100
S 353
+ 354 354
- 355
+ 351 356
< 357 4
+ 358 350
+ 135 292
C 360 -1.5
< 361 100
S 362
+ 363 363
- 364
+ 360 365
< 366 5
+ 367 359
+ 130 287
C 369 -1.5
< 370 100
S 371
+ 372 372
- 373
+ 369 374
< 375 6
+ 376 368
+ 125 282
C 378 -1.5
< 379 100
S 380
+ 381 381
- 382
+ 378 383
< 384 7
+ 385 377
+ 120 277
C 387 -1.5
< 388 100
S 389
+ 390 390
- 391
+ 387 392
< 393 8
+ 394 386
+ 115 272
C 396 -1.5
< 397 100
S 398
+ 399 399
- 400
+ 396 401
< 402 9
+ 403 395
+ 110 267
C 405 -1.5
< 406 100
S 407
+ 408 408
- 409
+ 405 410
< 411 10
+ 412 404
+ 105 262
C 414 -1.5
< 415 100
S 416
+ 417 417
- 418
+ 414 419
< 420 11
+ 421 413
+ 100 257
C 423 -1.5
< 424 100
S 425
+ 426 426
- 427
+ 423 428
< 429 12
+ 430 422
+ 95 252
C 432 -1.5
< 433 100
S 434
+ 435 435
- 436
+ 432 437
< 438 13
+ 439 431
+ 90 247
C 441 -1.5
< 442 100
S 443
+ 444 444
- 445
+ 441 446
< 447 14
+ 448 440
+ 85 242
C 450 -1.5
< 451 100
S 452
+ 453 453
- 454
+ 450 455
< 456 15
+ 457 449
+ 80 237
C 459 -1.5
< 460 100
S 461
+ 462 462
- 463
+ 459 464
< 465 16
+ 466 458
+ 75 232
C 468 -1.5
< 469 100
S 470
+ 471 471
- 472
+ 468 473
< 474 17
+ 475 467
+ 70 227
C 477 -1.5
< 478 100
S 479
+ 480 480
- 481
+ 477 482
< 483 18
+ 484 476
+ 65 222
C 486 -1.5
< 487 100
S 488
+ 489 489
- 490
+ 486 491
< 492 19
+ 493 485
+ 60 217
C 495 -1.5
< 496 100
S 497
+ 498 498
- 499
+ 495 500
< 501 20
+ 502 494
+ 55 212
C 504 -1.5
< 505 100
S 506
+ 507 507
- 508
+ 504 509
< 510 21
+ 511 503
+ 50 207
C 513 -1.5
< 514 100
S 515
+ 516 516
- 517
+ 513 518
< 519 22
+ 520 512
+ 45 202
C 522 -1.5
< 523 100
S 524
+ 525 525
- 526
+ 522 527
< 528 23
+ 529 521
+ 40 197
C 531 -1.5
< 532 100
S 533
+ 534 534
- 535
+ 531 536
< 537 24
+ 538 530
+ 35 192
C 540 -1.5
< 541 100
S 542
+ 543 543
- 544
+ 540 545
< 546 25
+ 547 539
+ 30 187
C 549 -1.5
< 550 100
S 551
+ 552 552
- 553
+ 549 554
< 555 26
+ 556 548
+ 25 182
C 558 -1.5
< 559 100
S 560
+ 561 561
- 562
+ 558 563
< 564 27
+ 565 557
+ 20 177
C 567 -1.5
< 568 100
S 569
+ 570 570
- 571
+ 567 572
< 573 28
+ 574 566
+ 15 172
C 576 -1.5
< 577 100
S 578
+ 579 579
- 580
+ 576 581
< 582 29
+ 583 575
+ 10 167
C 585 -1.5
< 586 100
S 587
+ 588 588
- 589
+ 585 590
< 591 30
+ 592 584
+ 5 162
C 594 -1.5
< 595 100
S 596
+ 597 597
- 598
+ 594 599
< 600 31
+ 601 593
O 602
