I
< 1 40
C 2 -2361183241198704263168.00000000000000000000
S 3
O 4
< 4 71
- 6
+ 2 7
C 8 -1180591620599352131584.00000000000000000000
S 9
O 10
< 10 70
- 12
+ 8 13
C 14 -590295810299676065792.00000000000000000000
S 15
O 16
< 16 69
- 18
+ 14 19
C 20 -295147905149838032896.00000000000000000000
S 21
O 22
< 22 68
- 24
+ 20 25
C 26 -147573952574919016448.00000000000000000000
S 27
O 28
< 28 67
- 30
+ 26 31
C 32 -73786976287459508224.00000000000000000000
S 33
O 34
< 34 66
- 36
+ 32 37
C 38 -36893488143729754112.00000000000000000000
S 39
O 40
< 40 65
- 42
+ 38 43
C 44 -18446744071864877056.00000000000000000000
S 45
O 46
< 46 64
- 48
+ 44 49
C 50 -9223372035932438528.00000000000000000000
S 51
O 52
< 52 63
- 54
+ 50 55
C 56 -4611686017966219264.00000000000000000000
S 57
O 58
< 58 62
- 60
+ 56 61
C 62 -2305843008983109632.00000000000000000000
S 63
O 64
< 64 61
- 66
+ 62 67
C 68 -1152921504491554816.00000000000000000000
S 69
O 70
< 70 60
- 72
+ 68 73
C 74 -576460752245777408.00000000000000000000
S 75
O 76
< 76 59
- 78
+ 74 79
C 80 -288230376122888704.00000000000000000000
S 81
O 82
< 82 58
- 84
+ 80 85
C 86 -144115188061444352.00000000000000000000
S 87
O 88
< 88 57
- 90
+ 86 91
C 92 -72057594030722176.00000000000000000000
S 93
O 94
< 94 56
- 96
+ 92 97
C 98 -36028797015361088.00000000000000000000
S 99
O 100
< 100 55
- 102
+ 98 103
C 104 -18014398507680544.00000000000000000000
S 105
O 106
< 106 54
- 108
+ 104 109
C 110 -9007199253840272.00000000000000000000
S 111
O 112
< 112 53
- 114
+ 110 115
C 116 -4503599626920136.00000000000000000000
S 117
O 118
< 118 52
- 120
+ 116 121
C 122 -2251799813460068.00000000000000000000
S 123
O 124
< 124 51
- 126
+ 122 127
C 128 -1125899906730034.00000000000000000000
S 129
O 130
< 130 50
- 132
+ 128 133
C 134 -562949953365017.00000000000000000000
S 135
O 136
< 136 49
- 138
+ 134 139
C 140 -281474976682508.50000000000000000000
S 141
O 142
< 142 48
- 144
+ 140 145
C 146 -140737488341254.25000000000000000000
S 147
O 148
< 148 47
- 150
+ 146 151
C 152 -70368744170627.12500000000000000000
S 153
O 154
< 154 46
- 156
+ 152 157
C 158 -35184372085313.56250000000000000000
S 159
O 160
< 160 45
- 162
+ 158 163
C 164 -17592186042656.78125000000000000000
S 165
O 166
< 166 44
- 168
+ 164 169
C 170 -8796093021328.39062500000000000000
S 171
O 172
< 172 43
- 174
+ 170 175
C 176 -4398046510664.19531250000000000000
S 177
O 178
< 178 42
- 180
+ 176 181
C 182 -2199023255332.09765625000000000000
S 183
O 184
< 184 41
- 186
+ 182 187
> 188 40
O 189
