I
I
I
I
I
I
I
I
I
I
I
I
I
I
I
I
I
I
I
I
I
I
I
I
I
I
I
I
I
I
I
I
< 1 31
< 2 30
< 3 29
< 4 28
< 5 27
< 6 26
< 7 25
< 8 24
< 9 23
< 10 22
< 11 21
< 12 20
< 13 19
< 14 18
< 15 17
< 16 16
< 17 15
< 18 14
< 19 13
< 20 12
< 21 11
< 22 10
< 23 9
< 24 8
< 25 7
< 26 6
< 27 5
< 28 4
< 29 3
< 30 2
< 31 1
+ 33 34
+ 64 35
+ 65 36
+ 66 37
+ 67 38
+ 68 39
+ 69 40
+ 70 41
+ 71 42
+ 72 43
+ 73 44
+ 74 45
+ 75 46
+ 76 47
+ 77 48
+ 78 49
+ 79 50
+ 80 51
+ 81 52
+ 82 53
+ 83 54
+ 84 55
+ 85 56
+ 86 57
+ 87 58
+ 88 59
+ 89 60
+ 90 61
+ 91 62
+ 92 63
+ 93 32
O 94